<?xml version="1.0" encoding="UTF-8"?>
<testsuite xmlns:xsi="http://www.w3.org/2001/XMLSchema-instance" xsi:noNamespaceSchemaLocation="https://maven.apache.org/surefire/maven-surefire-plugin/xsd/surefire-test-report-3.0.xsd" version="3.0" name="com.example.LoanProcessorTest" time="0.092" tests="4" errors="0" skipped="0" failures="0">
  <properties>
[...]
</properties>
  <testcase name="testApplicationRejectedDueToHighLoanAmount" classname="com.example.LoanProcessorTest" time="0.06"/>
  <testcase name="testApplicationApproved" classname="com.example.LoanProcessorTest" time="0.001"/>
  <testcase name="testApplicationRejectedDueToLowCreditScore" classname="com.example.LoanProcessorTest" time="0.001"/>
  <testcase name="testApplicationRejectedDueToUnemployment" classname="com.example.LoanProcessorTest" time="0.0"/>
</testsuite>