<?xml version="1.0" encoding="UTF-8" standalone="yes"?><!DOCTYPE report PUBLIC "-//JACOCO//DTD Report 1.1//EN" "report.dtd"><report name="demo"><sessioninfo id="DESKTOP-VA4OTA7-1a0fdb83" start="1710096652495" dump="1710096653219"/><sessioninfo id="DESKTOP-VA4OTA7-c59b3275" start="1710096750787" dump="1710096751737"/><sessioninfo id="DESKTOP-VA4OTA7-ea1502" start="1710096851001" dump="1710096851876"/><sessioninfo id="DESKTOP-VA4OTA7-87d53798" start="1710099305834" dump="1710099306668"/><sessioninfo id="DESKTOP-VA4OTA7-3ae1b783" start="1710099654070" dump="1710099654903"/><sessioninfo id="DESKTOP-VA4OTA7-4c7b9619" start="1710099878584" dump="1710099879383"/><sessioninfo id="DESKTOP-VA4OTA7-56242e73" start="1710100428075" dump="1710100428822"/><sessioninfo id="DESKTOP-VA4OTA7-287bda9d" start="1710100454507" dump="1710100455290"/><sessioninfo id="DESKTOP-VA4OTA7-63021892" start="1710100664823" dump="1710100665537"/><sessioninfo id="DESKTOP-VA4OTA7-fd07aae4" start="1710100752420" dump="1710100753324"/><sessioninfo id="DESKTOP-VA4OTA7-dd15456" start="1710100771368" dump="1710100772060"/><package name="com/example"><class name="com/example/LoanProcessor" sourcefilename="LoanProcessor.java"><method name="&lt;init&gt;" desc="()V" line="3"><counter type="INSTRUCTION" missed="0" covered="3"/><counter type="LINE" missed="0" covered="1"/><counter type="COMPLEXITY" missed="0" covered="1"/><counter type="METHOD" missed="0" covered="1"/></method><method name="processLoanApplication" desc="(IZI)Ljava/lang/String;" line="9"><counter type="INSTRUCTION" missed="0" covered="16"/><counter type="BRANCH" missed="0" covered="6"/><counter type="LINE" missed="0" covered="7"/><counter type="COMPLEXITY" missed="0" covered="4"/><counter type="METHOD" missed="0" covered="1"/></method><counter type="INSTRUCTION" missed="0" covered="19"/><counter type="BRANCH" missed="0" covered="6"/><counter type="LINE" missed="0" covered="8"/><counter type="COMPLEXITY" missed="0" covered="5"/><counter type="METHOD" missed="0" covered="2"/><counter type="CLASS" missed="0" covered="1"/></class><sourcefile name="LoanProcessor.java"><line nr="3" mi="0" ci="3" mb="0" cb="0"/><line nr="9" mi="0" ci="3" mb="0" cb="2"/><line nr="10" mi="0" ci="2" mb="0" cb="0"/><line nr="11" mi="0" ci="2" mb="0" cb="2"/><line nr="12" mi="0" ci="2" mb="0" cb="0"/><line nr="13" mi="0" ci="3" mb="0" cb="2"/><line nr="14" mi="0" ci="2" mb="0" cb="0"/><line nr="16" mi="0" ci="2" mb="0" cb="0"/><counter type="INSTRUCTION" missed="0" covered="19"/><counter type="BRANCH" missed="0" covered="6"/><counter type="LINE" missed="0" covered="8"/><counter type="COMPLEXITY" missed="0" covered="5"/><counter type="METHOD" missed="0" covered="2"/><counter type="CLASS" missed="0" covered="1"/></sourcefile><counter type="INSTRUCTION" missed="0" covered="19"/><counter type="BRANCH" missed="0" covered="6"/><counter type="LINE" missed="0" covered="8"/><counter type="COMPLEXITY" missed="0" covered="5"/><counter type="METHOD" missed="0" covered="2"/><counter type="CLASS" missed="0" covered="1"/></package><counter type="INSTRUCTION" missed="0" covered="19"/><counter type="BRANCH" missed="0" covered="6"/><counter type="LINE" missed="0" covered="8"/><counter type="COMPLEXITY" missed="0" covered="5"/><counter type="METHOD" missed="0" covered="2"/><counter type="CLASS" missed="0" covered="1"/></report>